1526866820915	geckodriver	INFO	geckodriver 0.20.0
1526866820928	geckodriver	INFO	Listening on 127.0.0.1:51453
1526866822566	mozrunner::runner	INFO	Running command: "C:\\Program Files\\Mozilla Firefox\\firefox.exe" "-marionette" "-profile" "C:\\Users\\it\\AppData\\Local\\Temp\\rust_mozprofile.UUa3H2sxUTka"
Unable to read VR Path Registry from C:\Users\it\AppData\Local\openvr\openvrpaths.vrpath
1526866826378	Marionette	INFO	Enabled via --marionette
Unable to read VR Path Registry from C:\Users\it\AppData\Local\openvr\openvrpaths.vrpath
Unable to read VR Path Registry from C:\Users\it\AppData\Local\openvr\openvrpaths.vrpath
[Child 15496, Chrome_ChildThread] WARNING: pipe error: 109: file z:/build/build/src/ipc/chromium/src/chrome/common/ipc_channel_win.cc, line 346
[Child 15496, Chrome_ChildThread] WARNING: pipe error: 109: file z:/build/build/src/ipc/chromium/src/chrome/common/ipc_channel_win.cc, line 346
Unable to read VR Path Registry from C:\Users\it\AppData\Local\openvr\openvrpaths.vrpath
1526866841916	Marionette	INFO	Listening on port 51462
1526866843138	Marionette	WARN	TLS certificate errors will be ignored for this session
Unable to read VR Path Registry from C:\Users\it\AppData\Local\openvr\openvrpaths.vrpath
Unable to read VR Path Registry from C:\Users\it\AppData\Local\openvr\openvrpaths.vrpath
[Parent 16720, Gecko_IOThread] WARNING: pipe error: 109: file z:/build/build/src/ipc/chromium/src/chrome/common/ipc_channel_win.cc, line 346
[Child 16320, Chrome_ChildThread] WARNING: pipe error: 109: file z:/build/build/src/ipc/chromium/src/chrome/common/ipc_channel_win.cc, line 346
[Child 16320, Chro[Parent 16720, Gecko_IOThread] WARNING: pipe error: 109: file z:/build/build/src/ipc/chromium/src/chrome/common/ipc_channel_win.cc, line 346
[Child 7996, Chrome_ChildThread] WARNING: pipe error: 109: file z:/build/build/src/ipc/chromium/src/chrome/common/ipc_channel_win.cc, line 346
[Child 7996, Chrome_Ch*** UTM:SVC TimerManager:registerTimer called after profile-before-change notification. Ignoring timer registration for id: telemetry_modules_ping

###!!! [Child][MessageChannel::SendAndWait] Error: Channel error: cannot send/recv

1526866875327	geckodriver::marionette	ERROR	Failed to stop browser process
1526867127779	geckodriver	INFO	geckodriver 0.20.0
1526867127788	geckodriver	INFO	Listening on 127.0.0.1:52011
1526867129737	mozrunner::runner	INFO	Running command: "C:\\Program Files\\Mozilla Firefox\\firefox.exe" "-marionette" "-profile" "C:\\Users\\it\\AppData\\Local\\Temp\\rust_mozprofile.qYis6QPhPElF"
Unable to read VR Path Registry from C:\Users\it\AppData\Local\openvr\openvrpaths.vrpath
1526867132044	Marionette	INFO	Enabled via --marionette
Unable to read VR Path Registry from C:\Users\it\AppData\Local\openvr\openvrpaths.vrpath
Unable to read VR Path Registry from C:\Users\it\AppData\Local\openvr\openvrpaths.vrpath
Unable to read VR Path Registry from C:\Users\it\AppData\Local\openvr\openvrpaths.vrpath
Unable to read VR Path Registry from C:\Users\it\AppData\Local\openvr\openvrpaths.vrpath
1526867135012	Marionette	INFO	Listening on port 52019
1526867135480	Marionette	WARN	TLS certificate errors will be ignored for this session
[Child 16500, Chrome_ChildThread] WARNING: pipe error: 232: file z:/build/build/src/ipc/chromium/src/chrome/common/ipc_channel_win.cc, line 513
[Child 16500, Chrome_ChildThread] WARNING: pipe error: 109: file z:/build/build/src/ipc/chromium/src/chrome/common/ipc_channel_win.cc, line 346
[Child 16500, Chrome_Chil*** UTM:SVC TimerManager:registerTimer called after profile-before-change notification. Ignoring timer registration for id: telemetry_modules_ping

###!!! [Child][MessageChannel::SendAndWait] Error: Channel error: cannot send/recv

1526867152265	geckodriver::marionette	ERROR	Failed to stop browser process
